<?xml version="1.0" encoding="UTF-8"?>
<!-- Generated by org.testng.reporters.JUnitXMLReporter -->
<testsuite hostname="NDATSTNPC074" name="Regression suite 1" tests="2" failures="1" timestamp="3 May 2016 12:02:36 GMT" time="12.653" errors="0">
  <testcase name="abc" time="0.012" classname="com.markit.common.framework.runtestsuit.RunTestSuit"/>
  <testcase name="abc1" time="11.867" classname="com.markit.common.framework.runtestsuit.ABC">
    <failure type="java.lang.NullPointerException">
      <![CDATA[java.lang.NullPointerException
	at com.markit.common.framework.util.WebUtil.closeBrowser(WebUtil.java:120)
	at com.markit.common.framework.runtestsuit.ABC.abc1(ABC.java:16)
... Removed 25 stack frames]]>
    </failure>
  </testcase> <!-- abc1 -->
</testsuite> <!-- Regression suite 1 -->
